<?xml version="1.0" encoding="utf-8"?><testsuites name="pytest tests"><testsuite name="pytest" errors="0" failures="0" skipped="20" tests="411" time="27.678" timestamp="2026-08-07T16:27:30.663865+08:00" hostname="Kahlils-MacBook-Pro.local"><testcase classname="tests.test_automation_reliability" name="test_automation_planner_creates_deterministic_daily_obligations" time="0.001" /><testcase classname="tests.test_automation_reliability" name="test_fixed_0945_scans_with_degraded_static_cache_and_persists_task" time="0.015" /><testcase classname="tests.test_automation_reliability" name="test_capability_probe_is_diagnostic_not_a_fixed_scan_gate" time="0.009" /><testcase classname="tests.test_automation_reliability" name="test_manual_fetch_does_not_overwrite_due_fixed_alert" time="0.217" /><testcase classname="tests.test_automation_reliability" name="test_1530_summary_falls_back_to_local_scan_records_without_provider" time="0.200" /><testcase classname="tests.test_automation_reliability" name="test_history_prune_keeps_recent_unreferenced_observations" time="0.008" /><testcase classname="tests.test_automation_reliability" name="test_selection_audit_explains_raw_and_stable_top3" time="0.001" /><testcase classname="tests.test_automation_reliability" name="test_source_commit_can_be_verified_from_packaging_environment" time="0.000" /><testcase classname="tests.test_credential_store" name="test_fingerprint_is_short_and_does_not_reveal_secret" time="0.000" /><testcase classname="tests.test_credential_store" name="test_failed_candidate_test_preserves_existing_credential" time="0.001" /><testcase classname="tests.test_credential_store" name="test_successful_candidate_requires_confirmation_before_atomic_replace" time="0.000" /><testcase classname="tests.test_credential_store" name="test_pending_secret_is_cleared_when_dialog_is_abandoned" time="0.000" /><testcase classname="tests.test_credential_store" name="test_secret_is_not_written_to_logs" time="0.000" /><testcase classname="tests.test_credential_store" name="test_successful_replace_persists_only_non_secret_profile" time="0.002" /><testcase classname="tests.test_data_source_settings" name="test_data_source_dialog_has_one_hidden_token_and_advanced_modes" time="0.223" /><testcase classname="tests.test_data_source_settings" name="test_macos_data_source_dialog_hides_urls_and_advanced_diagnostics" time="0.001" /><testcase classname="tests.test_data_source_settings" name="test_data_source_dialog_keeps_token_controls_readable_and_actionable" time="0.076" /><testcase classname="tests.test_data_source_settings" name="test_tushare_session_starts_without_tdx_and_keeps_candidates_closed" time="0.007" /><testcase classname="tests.test_data_source_settings" name="test_ordinary_v1_main_window_hides_provider_and_gate_jargon" time="0.677" /><testcase classname="tests.test_data_source_settings" name="test_v1_main_window_prioritizes_candidate_area_over_status_copy" time="0.015" /><testcase classname="tests.test_data_source_settings" name="test_daily_summary_dialog_shows_full_market_review_copy" time="0.011" /><testcase classname="tests.test_data_source_settings" name="test_daily_summary_dialog_lists_only_recent_month_and_builds_pdf" time="0.034" /><testcase classname="tests.test_data_source_settings" name="test_tushare_session_checks_saved_credential_without_opening_gate" time="0.007" /><testcase classname="tests.test_data_source_settings" name="test_tushare_session_reports_realtime_ready_but_keeps_m0_gate_closed" time="0.006" /><testcase classname="tests.test_data_source_settings" name="test_tushare_session_uses_approved_native_realtime_route_fail_closed" time="0.006" /><testcase classname="tests.test_data_source_settings" name="test_credential_test_distinguishes_static_connection_from_empty_realtime" time="0.001" /><testcase classname="tests.test_data_source_settings" name="test_failed_keyring_replacement_preserves_previous_credential" time="0.000" /><testcase classname="tests.test_foundation" name="test_frozen_runtime_resolves_shanghai_without_system_tzdata" time="0.054" /><testcase classname="tests.test_foundation" name="test_synthetic_is_deterministic_and_covers_health_states" time="0.001" /><testcase classname="tests.test_foundation" name="test_replay_deduplicates_data_and_only_recovers_after_fresh_warming_samples" time="0.000" /><testcase classname="tests.test_foundation" name="test_stopped_event_survives_duplicate_source_timestamp_with_full_provenance" time="0.000" /><testcase classname="tests.test_foundation" name="test_replay_rejects_late_old_source_samples_after_stopped" time="0.000" /><testcase classname="tests.test_foundation" name="test_replay_recovers_only_after_samples_newer_than_stopped_cutoff" time="0.000" /><testcase classname="tests.test_foundation" name="test_domain_rejects_non_shanghai_timestamps" time="0.000" /><testcase classname="tests.test_foundation" name="test_logging_redacts_sensitive_values_and_rolls_files" time="0.007" /><testcase classname="tests.test_foundation" name="test_mock_provider_preserves_inputs" time="0.000" /><testcase classname="tests.test_foundation" name="test_config_is_versioned_and_immutable" time="0.002" /><testcase classname="tests.test_foundation" name="test_sqlite_wal_backup_and_rollback" time="0.011" /><testcase classname="tests.test_mac_validation_scripts" name="test_live_validation_accepts_only_primary_credential" time="0.002" /><testcase classname="tests.test_mac_validation_scripts" name="test_post_close_review_accepts_only_primary_credential" time="0.001" /><testcase classname="tests.test_mac_validation_scripts" name="test_live_validation_records_aggregate_market_progress_without_raw_rows" time="0.000" /><testcase classname="tests.test_mac_validation_scripts" name="test_live_validation_report_lists_each_progressive_capability" time="0.000" /><testcase classname="tests.test_mac_validation_scripts" name="test_live_validation_uses_seven_batches_for_5500_cached_codes" time="0.000" /><testcase classname="tests.test_mac_validation_scripts" name="test_validation_scripts_inject_one_budget_per_product_provider" time="0.009" /><testcase classname="tests.test_macos_keep_awake" name="test_keep_awake_asserts_during_trading_hours_and_releases_after" time="0.000" /><testcase classname="tests.test_macos_keep_awake" name="test_keep_awake_ignores_nontrading_hours" time="0.000" /><testcase classname="tests.test_macos_keep_awake" name="test_keep_awake_uses_scoped_caffeinate_command" time="0.000" /><testcase classname="tests.test_macos_keep_awake" name="test_launch_agent_install_uninstall_roundtrip" time="0.002" /><testcase classname="tests.test_macos_package" name="test_macos_pyinstaller_spec_is_native_and_excludes_windows_diagnostics" time="0.001" /><testcase classname="tests.test_macos_port" name="test_macos_application_uses_padded_icon" time="0.000" /><testcase classname="tests.test_macos_port" name="test_non_macos_application_keeps_windows_icon_source" time="0.000" /><testcase classname="tests.test_macos_port" name="test_macos_runtime_paths_split_application_support_and_logs" time="0.001" /><testcase classname="tests.test_macos_port" name="test_macos_keyring_store_requires_native_keychain" time="0.000" /><testcase classname="tests.test_macos_port" name="test_macos_keyring_store_reports_native_keychain_and_ui_copy" time="0.001" /><testcase classname="tests.test_macos_port" name="test_single_instance_guard_wakes_existing_window" time="0.025" /><testcase classname="tests.test_macos_port" name="test_single_instance_guard_does_not_silently_exit_without_ack" time="0.106" /><testcase classname="tests.test_macos_port" name="test_single_instance_guard_reports_version_conflict_without_replacing_primary" time="0.022" /><testcase classname="tests.test_macos_port" name="test_single_instance_guard_recovers_after_interrupted_primary" time="0.001" /><testcase classname="tests.test_macos_port" name="test_send_ack_survives_torn_down_socket" time="0.001" /><testcase classname="tests.test_macos_port" name="test_send_ack_guards_write_failure_and_invalid_socket" time="0.001" /><testcase classname="tests.test_macos_port" name="test_worker_exit_precedes_ui_refresh_and_queued_manual_fetch" time="0.016" /><testcase classname="tests.test_macos_port" name="test_macos_close_policy_hides_only_until_explicit_exit" time="0.000" /><testcase classname="tests.test_macos_port" name="test_macos_lifecycle_ignores_focus_changes_but_warms_after_suspend" time="0.135" /><testcase classname="tests.test_macos_port" name="test_macos_lifecycle_detects_sleep_gap_without_focus_false_positive" time="0.000" /><testcase classname="tests.test_macos_port" name="test_notification_center_is_secondary_and_permission_failures_are_safe" time="0.000" /><testcase classname="tests.test_macos_port" name="test_platform_recovery_clears_old_baseline_and_keeps_previous_results" time="0.008" /><testcase classname="tests.test_macos_port" name="test_network_interruption_blocks_scheduled_scan_until_recovery" time="0.011" /><testcase classname="tests.test_macos_port" name="test_macos_first_launch_without_token_requests_simple_setup" time="0.009" /><testcase classname="tests.test_macos_port" name="test_default_macos_entrypoint_keeps_tdxquant_out_of_the_process" time="0.539" /><testcase classname="tests.test_macos_port" name="test_cancelled_scan_response_cannot_form_a_market_snapshot" time="0.001" /><testcase classname="tests.test_macos_port" name="test_macos_lifecycle_records_graceful_quit_on_system_quit_event" time="0.001" /><testcase classname="tests.test_macos_port" name="test_apple_event_quit_handler_degrades_safely_when_carbon_unavailable" time="0.000" /><testcase classname="tests.test_macos_port" name="test_macos_lifecycle_external_quit_records_graceful_and_exits" time="0.000" /><testcase classname="tests.test_macos_port" name="test_macos_close_event_programmatic_close_exits_not_hides" time="0.018" /><testcase classname="tests.test_no_ui_import" name="test_headless_modules_import_without_qt_or_macos" time="0.411" /><testcase classname="tests.test_no_ui_import" name="test_static_scan_no_ui_or_macos_imports" time="0.004" /><testcase classname="tests.test_no_ui_import" name="test_worker_imports_do_not_pull_desktop_session" time="0.272" /><testcase classname="tests.test_pdf_data_contract" name="test_local_fallback_real_fixture_uses_1445_top3_and_successful_timeline" time="0.225" /><testcase classname="tests.test_pdf_data_contract" name="test_local_fallback_source_update_invalidates_manifest" time="0.189" /><testcase classname="tests.test_pdf_data_contract" name="test_manifest_renderer_version_change_invalidates_pdf" time="0.218" /><testcase classname="tests.test_pdf_data_contract" name="test_full_renderer_rejects_local_summary_and_never_uses_closing_performance" time="0.001" /><testcase classname="tests.test_pdf_data_contract" name="test_incomplete_full_renderer_record_is_rejected" time="0.001" /><testcase classname="tests.test_pdf_data_contract" name="test_local_model_round_trip_preserves_explicit_mode" time="0.000" /><testcase classname="tests.test_portability" name="test_shared_layers_import_without_windows_or_tdxquant[stock_watcher.domain]" time="0.000" /><testcase classname="tests.test_portability" name="test_shared_layers_import_without_windows_or_tdxquant[stock_watcher.engine]" time="0.000" /><testcase classname="tests.test_portability" name="test_shared_layers_import_without_windows_or_tdxquant[stock_watcher.storage]" time="0.000" /><testcase classname="tests.test_portability" name="test_shared_layers_import_without_windows_or_tdxquant[stock_watcher.providers.tushare.provider]" time="0.000" /><testcase classname="tests.test_portability" name="test_shared_layers_import_without_windows_or_tdxquant[stock_watcher.providers.tushare.response_parser]" time="0.000" /><testcase classname="tests.test_portability" name="test_shared_layers_import_without_windows_or_tdxquant[stock_watcher.providers.tushare.capability_router]" time="0.000" /><testcase classname="tests.test_portability" name="test_shared_layers_import_without_windows_or_tdxquant[stock_watcher.ui.presenter]" time="0.000" /><testcase classname="tests.test_portability" name="test_provider_selection_uses_declared_readiness_not_host_platform" time="0.000" /><testcase classname="tests.test_portability" name="test_unknown_provider_is_rejected_explicitly" time="0.000" /><testcase classname="tests.test_portable_launcher" name="test_unique_entry_is_hidden_signed_python_312_only" time="0.001" /><testcase classname="tests.test_portable_launcher" name="test_vbs_launcher_has_no_elevation_verb" time="0.000" /><testcase classname="tests.test_portable_launcher" name="test_portable_runtime_contains_no_install_or_security_bypass" time="0.001" /><testcase classname="tests.test_portable_launcher" name="test_running_terminal_discovery_uses_only_current_interactive_session" time="0.001" /><testcase classname="tests.test_portable_launcher" name="test_running_official_terminal_supports_arbitrary_install_path" time="0.002" /><testcase classname="tests.test_portable_launcher" name="test_signature_check_loads_fixed_builtin_security_module" time="0.002" /><testcase classname="tests.test_portable_launcher" name="test_multiple_or_unsigned_running_terminals_fail_closed" time="0.001" /><testcase classname="tests.test_portable_launcher" name="test_missing_application_or_native_preflight_is_rejected" time="0.003" /><testcase classname="tests.test_portable_launcher" name="test_dependency_check_reports_exact_runtime_prerequisites" time="0.001" /><testcase classname="tests.test_portable_launcher" name="test_only_strict_native_preflight_pass_allows_ui" time="0.001" /><testcase classname="tests.test_portable_launcher" name="test_normal_success_path_launches_tushare_without_tdx_preflight" time="0.001" /><testcase classname="tests.test_portable_launcher" name="test_tdx_preflight_failure_does_not_block_normal_tushare_launch" time="0.001" /><testcase classname="tests.test_portable_launcher" name="test_frozen_bundle_skips_external_python_and_source_layout" time="0.001" /><testcase classname="tests.test_portable_launcher" name="test_verified_preflight_context_is_passed_to_ui_without_second_cli_session" time="0.001" /><testcase classname="tests.test_portable_launcher" name="test_normal_ui_launch_selects_tushare" time="0.001" /><testcase classname="tests.test_portable_launcher" name="test_pyinstaller_bundle_uses_strict_windows_entry" time="0.000" /><testcase classname="tests.test_portable_launcher" name="test_build_portable_zip_contains_complete_app_and_verified_manifest" time="0.848" /><testcase classname="tests.test_post_close_runtime" name="test_post_close_collection_writes_full_market_json_and_markdown" time="0.049" /><testcase classname="tests.test_post_close_runtime" name="test_session_generates_full_market_review_automatically_at_1530" time="0.048" /><testcase classname="tests.test_post_close_runtime" name="test_session_uses_labeled_super_static_fallback_for_1530_review" time="0.048" /><testcase classname="tests.test_post_close_runtime" name="test_fixed_pdf_renderer_and_report_retention_are_bounded" time="0.040" /><testcase classname="tests.test_post_close_runtime" name="test_failed_1530_review_retries_no_more_than_once_per_minute" time="0.009" /><testcase classname="tests.test_runtime_universe_cache" name="test_batched_bootstrap_builds_universe_and_industry_without_sector_routes" time="0.006" /><testcase classname="tests.test_runtime_universe_cache" name="test_bootstrap_merges_complete_concept_memberships_for_realtime_selection" time="0.004" /><testcase classname="tests.test_runtime_universe_cache" name="test_fast_daily_bootstrap_skips_weekends_and_empty_weekday_holidays" time="0.004" /><testcase classname="tests.test_runtime_universe_cache" name="test_bootstrap_retry_keeps_successful_stock_batch_in_memory" time="0.004" /><testcase classname="tests.test_runtime_universe_cache" name="test_runtime_universe_cache_round_trip_and_failed_replace_keeps_old_file" time="0.013" /><testcase classname="tests.test_runtime_universe_cache" name="test_runtime_universe_cache_rejects_checksum_damage_and_stale_context" time="0.018" /><testcase classname="tests.test_runtime_universe_cache" name="test_scan_uses_verified_cache_and_never_calls_ordinary_pro" time="0.016" /><testcase classname="tests.test_runtime_universe_cache" name="test_stable_top3_cannot_retain_row_excluded_from_current_scan" time="0.022" /><testcase classname="tests.test_runtime_universe_cache" name="test_missing_cache_stops_safely_without_pro_or_realtime_call" time="0.001" /><testcase classname="tests.test_runtime_universe_cache" name="test_concept_cache_keeps_last_known_good_after_failed_refresh" time="0.028" /><testcase classname="tests.test_shared_connection_gate" name="test_lightweight_primary_tester_uses_only_one_base_call" time="0.000" /><testcase classname="tests.test_shared_connection_gate" name="test_http_429_sets_pro_lane_cooldown_without_retrying[None-60.0]" time="0.000" /><testcase classname="tests.test_shared_connection_gate" name="test_http_429_sets_pro_lane_cooldown_without_retrying[17-17.0]" time="0.000" /><testcase classname="tests.test_shared_connection_gate" name="test_capability_checks_keep_token_after_sector_429_and_resume_from_failure" time="0.014" /><testcase classname="tests.test_shared_connection_gate" name="test_cached_codes_reopen_progressive_realtime_checks_after_pro_429" time="0.001" /><testcase classname="tests.test_shared_connection_gate" name="test_realtime_only_progression_never_calls_ordinary_pro" time="0.001" /><testcase classname="tests.test_shared_connection_gate" name="test_realtime_background_progression_never_calls_ordinary_pro" time="0.013" /><testcase classname="tests.test_shared_connection_gate" name="test_pro_and_realtime_429_lanes_both_resume_without_skips_or_looping" time="0.001" /><testcase classname="tests.test_shared_connection_gate" name="test_history_empty_does_not_block_independent_realtime_capability_check" time="0.001" /><testcase classname="tests.test_shared_connection_gate" name="test_controller_rejects_a_second_inflight_lightweight_check" time="0.000" /><testcase classname="tests.test_shared_connection_gate" name="test_failed_primary_replacement_keeps_the_previous_token" time="0.000" /><testcase classname="tests.test_shared_connection_gate" name="test_capability_coordinator_refuses_a_second_background_run" time="0.007" /><testcase classname="tests.test_shared_connection_gate" name="test_pro_and_native_transports_share_one_request_start_budget" time="0.001" /><testcase classname="tests.test_shared_connection_gate" name="test_pro_429_cooldown_does_not_block_native_realtime_lane" time="0.000" /><testcase classname="tests.test_shared_connection_gate" name="test_native_realtime_preserves_supplier_retry_after" time="0.000" /><testcase classname="tests.test_tdxquant" name="test_descriptor_declares_preflight_and_official_capabilities" time="0.000" /><testcase classname="tests.test_tdxquant" name="test_http_transport_restricts_endpoint_and_uses_official_envelope" time="0.000" /><testcase classname="tests.test_tdxquant" name="test_http_transport_never_uses_system_proxy_for_loopback" time="0.000" /><testcase classname="tests.test_tdxquant" name="test_http_transport_current_official_bridge_requires_explicit_list_type" time="0.000" /><testcase classname="tests.test_tdxquant" name="test_http_transport_classifies_unreachable_and_vendor_login_error" time="0.000" /><testcase classname="tests.test_tdxquant" name="test_python_transport_is_delayed_and_missing_dependency_is_actionable" time="0.001" /><testcase classname="tests.test_tdxquant" name="test_provider_stock_list_fixes_official_list_type_parameter" time="0.000" /><testcase classname="tests.test_tdxquant" name="test_price_volume_mapping_preserves_versions_and_marks_missing_source_time" time="0.001" /><testcase classname="tests.test_tdxquant" name="test_snapshot_mapping_keeps_unverified_fund_fields_out_of_domain" time="0.002" /><testcase classname="tests.test_tdxquant" name="test_historical_mapping_is_timezone_aware_and_bounded" time="0.000" /><testcase classname="tests.test_tdxquant" name="test_official_sector_fixture_maps_to_normalized_memberships" time="0.000" /><testcase classname="tests.test_tdxquant" name="test_sector_mapping_rejects_missing_official_fields[BlockName]" time="0.000" /><testcase classname="tests.test_tdxquant" name="test_sector_mapping_rejects_missing_official_fields[BlockType]" time="0.000" /><testcase classname="tests.test_tdxquant" name="test_sector_mapping_rejects_missing_official_fields[GPNume]" time="0.000" /><testcase classname="tests.test_tdxquant" name="test_official_trading_calendar_fixture_maps_to_domain_metadata" time="0.000" /><testcase classname="tests.test_tdxquant" name="test_trading_calendar_rejects_malformed_date" time="0.000" /><testcase classname="tests.test_tdxquant" name="test_http_calendar_date_key_maps_to_domain" time="0.000" /><testcase classname="tests.test_tdxquant" name="test_missing_source_timestamp_never_becomes_candidate_safe" time="0.000" /><testcase classname="tests.test_tdxquant" name="test_duplicate_timestamp_is_processed_once" time="0.000" /><testcase classname="tests.test_tdxquant" name="test_disconnect_requires_fresh_warming_samples_before_health" time="0.000" /><testcase classname="tests.test_tdxquant" name="test_stale_recovery_requires_cutoff_and_all_configured_warming_samples" time="0.000" /><testcase classname="tests.test_tdxquant" name="test_duplicate_fresh_timestamp_does_not_advance_or_repeat_recovery" time="0.000" /><testcase classname="tests.test_tdxquant" name="test_stale_and_user_pause_block_candidates" time="0.000" /><testcase classname="tests.test_tdxquant" name="test_non_trading_session_classification[moment0-True]" time="0.000" /><testcase classname="tests.test_tdxquant" name="test_non_trading_session_classification[moment1-False]" time="0.000" /><testcase classname="tests.test_tdxquant" name="test_non_trading_session_classification[moment2-False]" time="0.000" /><testcase classname="tests.test_tdxquant" name="test_preflight_on_mac_is_explicit_offline_evidence" time="0.001" /><testcase classname="tests.test_tdxquant" name="test_preflight_on_windows_without_tq_service_fails_closed" time="0.000" /><testcase classname="tests.test_tdxquant" name="test_preflight_rejects_malformed_nonempty_stock_list_results[api_result0]" time="0.001" /><testcase classname="tests.test_tdxquant" name="test_preflight_rejects_malformed_nonempty_stock_list_results[api_result1]" time="0.001" /><testcase classname="tests.test_tdxquant" name="test_preflight_rejects_malformed_nonempty_stock_list_results[api_result2]" time="0.001" /><testcase classname="tests.test_tdxquant" name="test_preflight_rejects_malformed_nonempty_stock_list_results[api_result3]" time="0.001" /><testcase classname="tests.test_tdxquant" name="test_preflight_rejects_malformed_nonempty_stock_list_results[api_result4]" time="0.001" /><testcase classname="tests.test_tdxquant" name="test_preflight_without_api_check_cannot_pass" time="0.001" /><testcase classname="tests.test_tdxquant" name="test_valid_stock_list_produces_exactly_one_passing_api_check" time="0.000" /><testcase classname="tests.test_tdxquant" name="test_builtin_http_client_satisfies_python_client_check_without_tqcenter" time="0.000" /><testcase classname="tests.test_tdxquant" name="test_preflight_fixes_official_stock_list_parameters" time="0.000" /><testcase classname="tests.test_tdxquant" name="test_preflight_vendor_error_is_fail_closed_and_never_live" time="0.001" /><testcase classname="tests.test_tdxquant" name="test_preflight_report_accepts_only_consistent_canonical_outcomes[PASS-checks0-True-PASS-True]" time="0.000" /><testcase classname="tests.test_tdxquant" name="test_preflight_report_accepts_only_consistent_canonical_outcomes[FAIL-checks1-False-FAIL-False]" time="0.000" /><testcase classname="tests.test_tdxquant" name="test_preflight_report_rejects_malformed_or_contradictory_success[PASS-checks0-True]" time="0.000" /><testcase classname="tests.test_tdxquant" name="test_preflight_report_rejects_malformed_or_contradictory_success[PASS-checks1-True]" time="0.000" /><testcase classname="tests.test_tdxquant" name="test_preflight_report_rejects_malformed_or_contradictory_success[PASS-checks2-True]" time="0.000" /><testcase classname="tests.test_tdxquant" name="test_preflight_report_rejects_malformed_or_contradictory_success[PASS-checks3-True]" time="0.000" /><testcase classname="tests.test_tdxquant" name="test_preflight_report_rejects_malformed_or_contradictory_success[PASS-checks4-True]" time="0.000" /><testcase classname="tests.test_tdxquant" name="test_preflight_report_rejects_malformed_or_contradictory_success[PASS-checks5-False]" time="0.000" /><testcase classname="tests.test_tdxquant" name="test_preflight_report_rejects_malformed_or_contradictory_success[PASS-checks6-False]" time="0.000" /><testcase classname="tests.test_tdxquant" name="test_preflight_report_rejects_malformed_or_contradictory_success[FAIL-checks7-True]" time="0.000" /><testcase classname="tests.test_tdxquant" name="test_preflight_main_returns_nonzero_for_non_pass_terminal_state" time="0.001" /><testcase classname="tests.test_tdxquant" name="test_preflight_api_failures_are_fail_closed_and_sanitized[api_result0-not_logged_in]" time="0.000" /><testcase classname="tests.test_tdxquant" name="test_preflight_api_failures_are_fail_closed_and_sanitized[unexpected raw response password=vendor-secret-invalid_response]" time="0.000" /><testcase classname="tests.test_tdxquant" name="test_preflight_api_failures_are_fail_closed_and_sanitized[api_result2-invalid_response]" time="0.000" /><testcase classname="tests.test_tdxquant" name="test_preflight_does_not_swallow_process_control_signals[signal0]" time="0.000" /><testcase classname="tests.test_tdxquant" name="test_preflight_does_not_swallow_process_control_signals[signal1]" time="0.000" /><testcase classname="tests.test_tdxquant" name="test_preflight_main_writes_sanitized_failure_report_before_nonzero_exit" time="0.002" /><testcase classname="tests.test_tdxquant" name="test_preflight_main_converts_ordinary_exception_to_fixed_failure_report" time="0.002" /><testcase classname="tests.test_tdxquant" name="test_preflight_report_does_not_emit_terminal_directory_name" time="0.001" /><testcase classname="tests.test_tdxquant" name="test_sanitized_report_contains_no_secret_or_raw_payload" time="0.001" /><testcase classname="tests.test_tdxquant" name="test_m0_report_records_normalized_sector_and_calendar_fields" time="0.001" /><testcase classname="tests.test_tdxquant" name="test_windows_package_contract_is_offline_checkable" time="0.036" /><testcase classname="tests.test_tushare_m0" name="test_m0_fails_when_any_strict_capability_fails" time="0.001" /><testcase classname="tests.test_tushare_m0" name="test_m0_is_limited_when_source_timestamp_is_missing" time="0.000" /><testcase classname="tests.test_tushare_m0" name="test_m0_is_limited_when_optional_capability_is_unavailable" time="0.000" /><testcase classname="tests.test_tushare_m0" name="test_m0_sanitized_report_never_contains_payload_or_credentials" time="0.000" /><testcase classname="tests.test_tushare_m0" name="test_capability_m0_without_credential_fails_before_network" time="0.000" /><testcase classname="tests.test_tushare_native_realtime" name="test_sdk_client_injects_token_only_in_memory_and_restores_globals" time="0.000" /><testcase classname="tests.test_tushare_native_realtime" name="test_sdk_http_429_is_preserved_as_rate_limited_and_globals_are_restored" time="0.000" /><testcase classname="tests.test_tushare_native_realtime" name="test_native_realtime_batches_at_800_and_respects_shared_one_second_default" time="0.020" /><testcase classname="tests.test_tushare_native_realtime" name="test_native_realtime_fetches_5500_names_in_seven_bounded_batches" time="0.062" /><testcase classname="tests.test_tushare_native_realtime" name="test_native_realtime_normalizes_supplier_timestamp_and_never_exposes_secret" time="0.000" /><testcase classname="tests.test_tushare_native_realtime" name="test_native_realtime_marks_old_rows_stale_without_discarding_them" time="0.000" /><testcase classname="tests.test_tushare_native_realtime" name="test_native_realtime_rejects_duplicates_before_supplier_call" time="0.000" /><testcase classname="tests.test_tushare_native_realtime" name="test_native_realtime_none_fails_closed_as_empty_data" time="0.000" /><testcase classname="tests.test_tushare_native_realtime" name="test_native_realtime_maps_sdk_failure_without_leaking_upstream_message" time="0.000" /><testcase classname="tests.test_tushare_native_realtime" name="test_native_realtime_profile_forbids_batches_above_verified_limit" time="0.000" /><testcase classname="tests.test_tushare_normalization" name="test_stock_normalization_maps_markets_and_st_without_exposing_vendor_dicts" time="0.000" /><testcase classname="tests.test_tushare_normalization" name="test_stock_normalization_rejects_duplicates_and_missing_identity[records0]" time="0.000" /><testcase classname="tests.test_tushare_normalization" name="test_stock_normalization_rejects_duplicates_and_missing_identity[records1]" time="0.000" /><testcase classname="tests.test_tushare_normalization" name="test_stock_normalization_rejects_duplicates_and_missing_identity[records2]" time="0.000" /><testcase classname="tests.test_tushare_normalization" name="test_stock_normalization_rejects_duplicates_and_missing_identity[records3]" time="0.000" /><testcase classname="tests.test_tushare_normalization" name="test_bar_normalization_requires_explicit_units_and_shanghai_time" time="0.001" /><testcase classname="tests.test_tushare_normalization" name="test_bar_normalization_does_not_guess_units" time="0.000" /><testcase classname="tests.test_tushare_normalization" name="test_invalid_ohlc_time_or_units_fail_closed[overrides0]" time="0.001" /><testcase classname="tests.test_tushare_normalization" name="test_invalid_ohlc_time_or_units_fail_closed[overrides1]" time="0.000" /><testcase classname="tests.test_tushare_normalization" name="test_invalid_ohlc_time_or_units_fail_closed[overrides2]" time="0.000" /><testcase classname="tests.test_tushare_normalization" name="test_invalid_ohlc_time_or_units_fail_closed[overrides3]" time="0.000" /><testcase classname="tests.test_tushare_normalization" name="test_invalid_ohlc_time_or_units_fail_closed[overrides4]" time="0.000" /><testcase classname="tests.test_tushare_response_parser" name="test_parser_maps_fields_and_items_to_named_records" time="0.000" /><testcase classname="tests.test_tushare_response_parser" name="test_parser_accepts_list_or_mapping_data[data0-expected0]" time="0.000" /><testcase classname="tests.test_tushare_response_parser" name="test_parser_accepts_list_or_mapping_data[data1-expected1]" time="0.000" /><testcase classname="tests.test_tushare_response_parser" name="test_parser_empty_data_fails_closed[payload0]" time="0.000" /><testcase classname="tests.test_tushare_response_parser" name="test_parser_empty_data_fails_closed[payload1]" time="0.001" /><testcase classname="tests.test_tushare_response_parser" name="test_parser_empty_data_fails_closed[payload2]" time="0.000" /><testcase classname="tests.test_tushare_response_parser" name="test_parser_allows_explicitly_safe_empty_health_response" time="0.000" /><testcase classname="tests.test_tushare_response_parser" name="test_parser_schema_changes_fail_closed[payload0]" time="0.000" /><testcase classname="tests.test_tushare_response_parser" name="test_parser_schema_changes_fail_closed[payload1]" time="0.000" /><testcase classname="tests.test_tushare_response_parser" name="test_parser_schema_changes_fail_closed[payload2]" time="0.000" /><testcase classname="tests.test_tushare_response_parser" name="test_parser_schema_changes_fail_closed[payload3]" time="0.000" /><testcase classname="tests.test_tushare_response_parser" name="test_parser_schema_changes_fail_closed[payload4]" time="0.000" /><testcase classname="tests.test_tushare_response_parser" name="test_parser_schema_changes_fail_closed[payload5]" time="0.000" /><testcase classname="tests.test_tushare_response_parser" name="test_parser_nonzero_supplier_code_is_business_error_without_message_leak" time="0.000" /><testcase classname="tests.test_tushare_router" name="test_default_and_realtime_routes_use_super" time="0.000" /><testcase classname="tests.test_tushare_router" name="test_fast_requires_explicit_comparison_m0_allowlist" time="0.000" /><testcase classname="tests.test_tushare_router" name="test_fast_can_never_be_marked_for_realtime_or_level2" time="0.000" /><testcase classname="tests.test_tushare_router" name="test_provider_switch_closes_gate_and_requires_three_fresh_cycles" time="0.000" /><testcase classname="tests.test_tushare_router" name="test_missing_source_timestamp_never_opens_gate" time="0.000" /><testcase classname="tests.test_tushare_router" name="test_cache_rejects_source_time_rollback_and_clears_on_switch" time="0.000" /><testcase classname="tests.test_tushare_transports" name="test_super_transport_uses_header_and_parses_provenance" time="0.000" /><testcase classname="tests.test_tushare_transports" name="test_realtime_minute_time_field_is_treated_as_supplier_timestamp" time="0.000" /><testcase classname="tests.test_tushare_transports" name="test_super_get_sends_requested_fields_as_query_parameter" time="0.000" /><testcase classname="tests.test_tushare_transports" name="test_fast_transport_uses_expected_body_and_never_url_query" time="0.000" /><testcase classname="tests.test_tushare_transports" name="test_documented_sdk_pro_transport_uses_api_path_and_sdk_contract" time="0.000" /><testcase classname="tests.test_tushare_transports" name="test_documented_sdk_pro_transport_pins_its_own_routing_marker" time="0.000" /><testcase classname="tests.test_tushare_transports" name="test_documented_sdk_pro_transport_preserves_429_cooldown" time="0.000" /><testcase classname="tests.test_tushare_transports" name="test_http_errors_map_to_distinct_safe_reasons[401-credential_invalid]" time="0.000" /><testcase classname="tests.test_tushare_transports" name="test_http_errors_map_to_distinct_safe_reasons[403-permission_denied]" time="0.000" /><testcase classname="tests.test_tushare_transports" name="test_http_errors_map_to_distinct_safe_reasons[429-rate_limited]" time="0.000" /><testcase classname="tests.test_tushare_transports" name="test_http_errors_map_to_distinct_safe_reasons[503-freshness]" time="2.006" /><testcase classname="tests.test_tushare_transports" name="test_http_errors_map_to_distinct_safe_reasons[500-server_error]" time="2.010" /><testcase classname="tests.test_tushare_transports" name="test_realtime_request_does_not_retry_or_fallback" time="0.001" /><testcase classname="tests.test_tushare_transports" name="test_static_request_retries_twice_with_backoff" time="2.006" /><testcase classname="tests.test_tushare_transports" name="test_missing_credential_stops_before_network" time="0.000" /><testcase classname="tests.test_tushare_transports" name="test_proxy_behavior_is_explicitly_configurable" time="0.000" /><testcase classname="tests.test_ui_alpha" name="test_ui_snapshot_exposes_replay_fields_and_blocks_alerts_when_unhealthy" time="0.001" /><testcase classname="tests.test_ui_alpha" name="test_ui_formats_signed_percentages" time="0.000" /><testcase classname="tests.test_ui_alpha" name="test_detail_copy_is_plain_language_and_keeps_internal_fields_hidden" time="0.000" /><testcase classname="tests.test_ui_alpha" name="test_history_reader_is_query_only_and_returns_visible_batches" time="0.010" /><testcase classname="tests.test_ui_alpha" name="test_ui_demo_does_not_change_candidate_engine_semantics" time="0.000" /><testcase classname="tests.test_ui_alpha" name="test_tdx_diagnostic_ui_never_relabels_replay_as_live" time="0.006" /><testcase classname="tests.test_ui_alpha" name="test_tdx_diagnostic_ui_reuses_verified_terminal_without_duplicate_preflight" time="0.008" /><testcase classname="tests.test_ui_alpha" name="test_tdx_manual_fetch_uses_normalized_read_only_list_and_keeps_candidates_closed" time="0.006" /><testcase classname="tests.test_ui_alpha" name="test_tdx_manual_fetch_redacts_transport_detail_and_fails_closed" time="0.007" /><testcase classname="tests.test_ui_alpha" name="test_verified_tdx_ui_requires_terminal_path" time="0.007" /><testcase classname="tests.test_v02_core" name="test_locked_universe_exclusions[changes0-\u5317\u4ea4\u6240]" time="0.000" /><testcase classname="tests.test_v02_core" name="test_locked_universe_exclusions[changes1-ST]" time="0.000" /><testcase classname="tests.test_v02_core" name="test_locked_universe_exclusions[changes2-\u9000\u5e02\u6574\u7406]" time="0.000" /><testcase classname="tests.test_v02_core" name="test_locked_universe_exclusions[changes3-\u505c\u724c]" time="0.000" /><testcase classname="tests.test_v02_core" name="test_locked_universe_exclusions[changes4-\u4e00\u5b57\u6da8\u505c]" time="0.007" /><testcase classname="tests.test_v02_core" name="test_locked_universe_exclusions[changes5-\u65b0\u80a1/\u590d\u724c/\u9664\u6743\u5f53\u65e5]" time="0.000" /><testcase classname="tests.test_v02_core" name="test_locked_universe_exclusions[changes6-\u6570\u636e\u4e0d\u5b8c\u6574]" time="0.000" /><testcase classname="tests.test_v02_core" name="test_candidate_engine_is_deterministic_stable_and_fills_nearest" time="0.000" /><testcase classname="tests.test_v02_core" name="test_signal_count_never_fabricates_and_caps_at_three[0]" time="0.000" /><testcase classname="tests.test_v02_core" name="test_signal_count_never_fabricates_and_caps_at_three[1]" time="0.000" /><testcase classname="tests.test_v02_core" name="test_signal_count_never_fabricates_and_caps_at_three[2]" time="0.000" /><testcase classname="tests.test_v02_core" name="test_signal_count_never_fabricates_and_caps_at_three[3]" time="0.000" /><testcase classname="tests.test_v02_core" name="test_signal_count_never_fabricates_and_caps_at_three[4]" time="0.000" /><testcase classname="tests.test_v02_core" name="test_stopped_and_warming_produce_no_new_batch" time="0.000" /><testcase classname="tests.test_v02_core" name="test_schedule_uses_injected_replay_clock_only" time="0.000" /><testcase classname="tests.test_v02_core" name="test_alert_policy_binds_debounce_to_relation_and_fresh_source_cycles" time="0.001" /><testcase classname="tests.test_v02_core" name="test_alert_policy_resets_pending_replacement_when_top_three_recovers" time="0.000" /><testcase classname="tests.test_v02_core" name="test_alert_policy_counts_only_intraday_batches_and_resets_daily" time="0.000" /><testcase classname="tests.test_v02_core" name="test_sqlite_traceability_immutable_config_and_rollback" time="0.010" /><testcase classname="tests.test_v02_core" name="test_sqlite_transaction_rolls_back_and_secret_like_channel_is_rejected" time="0.010" /><testcase classname="tests.test_v02_core" name="test_corrupt_database_switches_to_read_only_degradation" time="0.001" /><testcase classname="tests.test_v02_core" name="test_sqlite_explicit_v5_to_v6_migration_is_idempotent" time="0.013" /><testcase classname="tests.test_v02_core" name="test_runtime_session_and_scan_attempt_lifecycle_is_auditable" time="0.007" /><testcase classname="tests.test_v02_core" name="test_next_runtime_session_marks_previous_session_unclean" time="0.011" /><testcase classname="tests.test_v02_core" name="test_sqlite_migration_failure_rolls_back_and_degrades_read_only" time="0.003" /><testcase classname="tests.test_v02_core" name="test_tushare_v1_session_wires_runtime_lifecycle" time="0.008" /><testcase classname="tests.test_v02_core" name="test_sleep_cancels_active_scan_and_records_sleep_event" time="0.007" /><testcase classname="tests.test_v02_core" name="test_scan_stall_records_event_and_enters_recovery" time="0.011" /><testcase classname="tests.test_v02_core" name="test_summary_scheduler_runs_decoupled_from_scan_loop" time="0.056" /><testcase classname="tests.test_v02_core" name="test_summary_catch_up_marks_catch_up_flag" time="0.039" /><testcase classname="tests.test_v02_core" name="test_alert_policy_global_batch_cooldown_blocks_rapid_batches" time="0.000" /><testcase classname="tests.test_v02_core" name="test_feature_readiness_blocks_warmup_strong_alert" time="0.008" /><testcase classname="tests.test_v02_core" name="test_strong_alert_fires_with_full_detail_when_ready" time="0.008" /><testcase classname="tests.test_v02_core" name="test_export_selection_audit_generates_full_machine_readable_set" time="0.021" /><testcase classname="tests.test_v02_core" name="test_sqlite_auto_recovers_damaged_file_from_backup" time="0.012" /><testcase classname="tests.test_v1_real_candidates" name="test_snapshot_buffer_calculates_real_1_3_5_minute_and_amount_ratio" time="0.000" /><testcase classname="tests.test_v1_real_candidates" name="test_snapshot_buffer_rejects_time_or_cumulative_rollback" time="0.000" /><testcase classname="tests.test_v1_real_candidates" name="test_snapshot_buffer_reuses_identical_supplier_event_across_scans" time="0.000" /><testcase classname="tests.test_v1_real_candidates" name="test_sector_engine_enforces_breadth_sync_and_candidate_rank" time="0.000" /><testcase classname="tests.test_v1_real_candidates" name="test_sector_engine_rewards_three_persistent_rounds_and_resets" time="0.000" /><testcase classname="tests.test_v1_real_candidates" name="test_sector_engine_prefers_any_passing_membership_over_higher_nonpassing_one" time="0.000" /><testcase classname="tests.test_v1_real_candidates" name="test_sector_engine_allows_concept_gate_when_industry_is_weak" time="0.000" /><testcase classname="tests.test_v1_real_candidates" name="test_sector_engine_prefers_highest_passing_concept_and_keeps_industry_on_tie" time="0.000" /><testcase classname="tests.test_v1_real_candidates" name="test_candidate_engine_uses_medium_threshold_instead_of_labeling_every_formal_row" time="0.000" /><testcase classname="tests.test_v1_real_candidates" name="test_anomaly_detector_uses_formal_candidate_pool_beyond_displayed_top3" time="0.007" /><testcase classname="tests.test_v1_real_candidates" name="test_anomaly_detector_ignores_near_supplement_pool_rows" time="0.000" /><testcase classname="tests.test_v1_real_candidates" name="test_stable_top3_respects_configured_minimum_seat_hold_when_clock_is_supplied" time="0.000" /><testcase classname="tests.test_v1_real_candidates" name="test_candidate_engine_keeps_funds_optional_diversifies_and_fills_three" time="0.001" /><testcase classname="tests.test_v1_real_candidates" name="test_stable_top3_requires_three_small_leads_but_accepts_eight_points" time="0.000" /><testcase classname="tests.test_v1_real_candidates" name="test_stable_top3_refreshes_held_rows_from_current_fresh_scan" time="0.000" /><testcase classname="tests.test_v1_real_candidates" name="test_stable_top3_drops_row_missing_from_current_fresh_scan" time="0.000" /><testcase classname="tests.test_v1_real_candidates" name="test_refresh_stable_candidates_strictly_preserves_same_sector_limit" time="0.000" /><testcase classname="tests.test_v1_real_candidates" name="test_strong_movement_needs_two_rounds_and_allows_unconfirmed_funds" time="0.000" /><testcase classname="tests.test_v1_real_candidates" name="test_fixed_alerts_fire_once_even_with_same_three_and_intraday_stays_limited" time="0.000" /><testcase classname="tests.test_v1_real_candidates" name="test_full_market_scan_rejects_partial_round_and_recovery_needs_three_rounds" time="0.001" /><testcase classname="tests.test_v1_real_candidates" name="test_full_market_scan_excludes_six_stale_rows_and_keeps_real_timestamps" time="0.037" /><testcase classname="tests.test_v1_real_candidates" name="test_full_market_scan_fails_when_fresh_coverage_is_below_99_percent" time="0.001" /><testcase classname="tests.test_v1_real_candidates" name="test_excluded_stale_row_does_not_seed_rolling_baseline" time="0.004" /><testcase classname="tests.test_v1_real_candidates" name="test_primary_token_migration_is_explicit_tested_and_keeps_legacy" time="0.000" /><testcase classname="tests.test_v1_real_candidates" name="test_alert_history_daily_summary_and_v3_items_are_persisted" time="0.008" /><testcase classname="tests.test_v1_real_candidates" name="test_health_interruption_onsets_are_counted_by_local_date" time="0.006" /><testcase classname="tests.test_v1_real_candidates" name="test_post_close_review_forms_real_data_top3_without_inventing_minutes" time="0.001" /><testcase classname="tests.test_v1_real_candidates" name="test_moneyflow_daily_records_never_become_intraday_fund_signal" time="0.000" /><testcase classname="tests.test_v1_real_candidates" name="test_summary_is_due_after_1530_for_late_app_start" time="0.000" /><testcase classname="tests.test_v1_real_candidates" name="test_session_schedules_30_day_history_prune_once_per_day" time="0.012" /><testcase classname="tests.test_v1_real_candidates" name="test_visible_phase_does_not_call_1113_non_trading" time="0.000" /><testcase classname="tests.test_v1_real_candidates" name="test_v1_session_emits_0945_and_1445_even_when_top3_is_unchanged" time="0.015" /><testcase classname="tests.test_v1_real_candidates" name="test_manual_fetch_updates_top3_persists_batch_and_always_emits_popup" time="0.016" /><testcase classname="tests.test_v1_real_candidates" name="test_manual_fetch_completes_three_fresh_rounds_in_one_user_action" time="0.417" /><testcase classname="tests.test_v1_real_candidates" name="test_manual_fetch_failure_keeps_previous_top3_without_new_popup" time="0.010" /><testcase classname="tests.test_v1_real_candidates" name="test_optional_historical_minutes_does_not_block_realtime_top3" time="0.000" /><testcase classname="tests.test_v1_real_candidates" name="test_static_capability_429_does_not_block_cached_manual_realtime_scan" time="0.008" /><testcase classname="tests.test_v1_real_candidates" name="test_cached_session_scans_while_realtime_probe_progresses" time="0.008" /><testcase classname="tests.test_v1_real_candidates" name="test_manual_fetch_does_not_wait_for_stalled_capability_probe" time="0.012" /><testcase classname="tests.test_web_auth_api" name="test_login_bad_credentials_and_rate_limit" time="0.214" /><testcase classname="tests.test_web_auth_api" name="test_rbac_matrix" time="0.345" /><testcase classname="tests.test_web_auth_api" name="test_csrf_protection" time="0.252" /><testcase classname="tests.test_web_auth_api" name="test_session_revocation_and_expiry" time="0.356" /><testcase classname="tests.test_web_auth_api" name="test_admin_user_management" time="0.317" /><testcase classname="tests.test_web_auth_api" name="test_snapshot_bound_detail_race" time="0.238" /><testcase classname="tests.test_web_auth_api" name="test_openapi_route_coverage" time="0.221" /><testcase classname="tests.test_web_auth_api" name="test_error_format_and_pdf_auth" time="0.263" /><testcase classname="tests.test_web_auth_api" name="test_token_endpoints_never_echo_token" time="0.243" /><testcase classname="tests.test_web_fixture_parity" name="test_exporter_true_top20_equals_reconstructed" time="0.320" /><testcase classname="tests.test_web_fixture_parity" name="test_exporter_stable_timeline_matches_fixture" time="0.290" /><testcase classname="tests.test_web_fixture_parity" name="test_exporter_raw_top3_explicit_three_rows" time="0.274" /><testcase classname="tests.test_web_fixture_parity" name="test_automation_planner_parity" time="0.001" /><testcase classname="tests.test_web_fixture_parity" name="test_local_summary_pdf_manifest_contract" time="0.048" /><testcase classname="tests.test_web_services" name="test_lease_acquire_renew_release" time="0.008" /><testcase classname="tests.test_web_services" name="test_second_worker_cannot_acquire_live_lease" time="0.009" /><testcase classname="tests.test_web_services" name="test_expired_lease_is_stolen_with_fencing_bump" time="0.007" /><testcase classname="tests.test_web_services" name="test_lease_lost_blocks_business_writes" time="0.013" /><testcase classname="tests.test_web_services" name="test_outbox_append_read_since_and_prune" time="0.007" /><testcase classname="tests.test_web_services" name="test_outbox_dedupe_source_id" time="0.007" /><testcase classname="tests.test_web_services" name="test_command_create_claim_complete" time="0.007" /><testcase classname="tests.test_web_services" name="test_command_wrong_holder_cannot_complete" time="0.012" /><testcase classname="tests.test_web_services" name="test_manual_refresh_coalescing" time="0.007" /><testcase classname="tests.test_web_services" name="test_command_crash_recovery_requeues_then_fails" time="0.008" /><testcase classname="tests.test_web_services" name="test_secret_roundtrip_and_fingerprint" time="0.007" /><testcase classname="tests.test_web_services" name="test_secret_wrong_key_fails_closed" time="0.014" /><testcase classname="tests.test_web_services" name="test_secret_activation_keeps_previous" time="0.007" /><testcase classname="tests.test_web_services" name="test_secret_request_expiry_and_prune" time="0.006" /><testcase classname="tests.test_web_services" name="test_master_key_file_loading" time="0.001" /><testcase classname="tests.test_web_services" name="test_migration_v6_to_v7_preserves_data" time="0.013" /><testcase classname="tests.test_web_services" name="test_migration_idempotent" time="0.006" /><testcase classname="tests.test_web_services" name="test_migration_rollback_via_backup" time="0.015" /><testcase classname="tests.test_web_services" name="test_sqlite_concurrent_writers" time="0.026" /><testcase classname="tests.test_web_worker" name="test_duplicate_worker_second_exits_without_scanning" time="1.732" /><testcase classname="tests.test_web_worker" name="test_worker_lease_heartbeat_refreshes" time="8.597" /><testcase classname="tests.test_web_ws" name="test_ws_hello_snapshot_and_replay" time="0.181" /><testcase classname="tests.test_web_ws" name="test_ws_reconnect_with_after_id" time="0.168" /><testcase classname="tests.test_web_ws" name="test_ws_resync_required_on_expired_cursor" time="0.174" /><testcase classname="tests.test_web_ws" name="test_ws_unauthorized_rejected" time="0.098" /><testcase classname="tests.test_windows_package" name="test_powershell_python_version_probe_is_valid_and_preserves_supported_range" time="0.001" /><testcase classname="tests.test_windows_package" name="test_powershell_preflight_preserves_arguments_and_native_failure_exit" time="0.000" /><testcase classname="tests.test_windows_package" name="test_powershell_preflight_validates_missing_malformed_and_unsafe_reports" time="0.000" /><testcase classname="tests.test_windows_package" name="test_build_uses_short_owned_stage_with_conservative_iscc_budget" time="0.000" /><testcase classname="tests.test_windows_package" name="test_build_cleanup_is_scoped_and_failure_preserves_existing_artifacts" time="0.000" /><testcase classname="tests.test_windows_package" name="test_powershell_preflight_executes_fail_closed_behavior_matrix[pass-0-PASS-False-False]" time="0.001"><skipped type="pytest.skip" message="PowerShell runtime is unavailable on this host">/Users/kahlilhazel/Documents/700-AI-Workspace/20-Projects/StockWatcher/tests/test_windows_package.py:29: PowerShell runtime is unavailable on this host</skipped></testcase><testcase classname="tests.test_windows_package" name="test_powershell_preflight_executes_fail_closed_behavior_matrix[fail-2-FAIL-True-False]" time="0.002"><skipped type="pytest.skip" message="PowerShell runtime is unavailable on this host">/Users/kahlilhazel/Documents/700-AI-Workspace/20-Projects/StockWatcher/tests/test_windows_package.py:29: PowerShell runtime is unavailable on this host</skipped></testcase><testcase classname="tests.test_windows_package" name="test_powershell_preflight_executes_fail_closed_behavior_matrix[fail-0-FAIL-True-False]" time="0.001"><skipped type="pytest.skip" message="PowerShell runtime is unavailable on this host">/Users/kahlilhazel/Documents/700-AI-Workspace/20-Projects/StockWatcher/tests/test_windows_package.py:29: PowerShell runtime is unavailable on this host</skipped></testcase><testcase classname="tests.test_windows_package" name="test_powershell_preflight_executes_fail_closed_behavior_matrix[warn-2-WARN-True-False]" time="0.001"><skipped type="pytest.skip" message="PowerShell runtime is unavailable on this host">/Users/kahlilhazel/Documents/700-AI-Workspace/20-Projects/StockWatcher/tests/test_windows_package.py:29: PowerShell runtime is unavailable on this host</skipped></testcase><testcase classname="tests.test_windows_package" name="test_powershell_preflight_executes_fail_closed_behavior_matrix[pass-9-FAIL-True-True]" time="0.001"><skipped type="pytest.skip" message="PowerShell runtime is unavailable on this host">/Users/kahlilhazel/Documents/700-AI-Workspace/20-Projects/StockWatcher/tests/test_windows_package.py:29: PowerShell runtime is unavailable on this host</skipped></testcase><testcase classname="tests.test_windows_package" name="test_powershell_preflight_executes_fail_closed_behavior_matrix[semantic_conflict-0-FAIL-True-True]" time="0.001"><skipped type="pytest.skip" message="PowerShell runtime is unavailable on this host">/Users/kahlilhazel/Documents/700-AI-Workspace/20-Projects/StockWatcher/tests/test_windows_package.py:29: PowerShell runtime is unavailable on this host</skipped></testcase><testcase classname="tests.test_windows_package" name="test_powershell_preflight_executes_fail_closed_behavior_matrix[incomplete-0-FAIL-True-True]" time="0.001"><skipped type="pytest.skip" message="PowerShell runtime is unavailable on this host">/Users/kahlilhazel/Documents/700-AI-Workspace/20-Projects/StockWatcher/tests/test_windows_package.py:29: PowerShell runtime is unavailable on this host</skipped></testcase><testcase classname="tests.test_windows_package" name="test_powershell_preflight_executes_fail_closed_behavior_matrix[api_only_pass-0-FAIL-True-True]" time="0.001"><skipped type="pytest.skip" message="PowerShell runtime is unavailable on this host">/Users/kahlilhazel/Documents/700-AI-Workspace/20-Projects/StockWatcher/tests/test_windows_package.py:29: PowerShell runtime is unavailable on this host</skipped></testcase><testcase classname="tests.test_windows_package" name="test_powershell_preflight_executes_fail_closed_behavior_matrix[duplicate_check-0-FAIL-True-True]" time="0.001"><skipped type="pytest.skip" message="PowerShell runtime is unavailable on this host">/Users/kahlilhazel/Documents/700-AI-Workspace/20-Projects/StockWatcher/tests/test_windows_package.py:29: PowerShell runtime is unavailable on this host</skipped></testcase><testcase classname="tests.test_windows_package" name="test_powershell_preflight_executes_fail_closed_behavior_matrix[unknown_check-0-FAIL-True-True]" time="0.001"><skipped type="pytest.skip" message="PowerShell runtime is unavailable on this host">/Users/kahlilhazel/Documents/700-AI-Workspace/20-Projects/StockWatcher/tests/test_windows_package.py:29: PowerShell runtime is unavailable on this host</skipped></testcase><testcase classname="tests.test_windows_package" name="test_powershell_preflight_executes_fail_closed_behavior_matrix[missing_check-0-FAIL-True-True]" time="0.001"><skipped type="pytest.skip" message="PowerShell runtime is unavailable on this host">/Users/kahlilhazel/Documents/700-AI-Workspace/20-Projects/StockWatcher/tests/test_windows_package.py:29: PowerShell runtime is unavailable on this host</skipped></testcase><testcase classname="tests.test_windows_package" name="test_powershell_preflight_executes_fail_closed_behavior_matrix[pass_live_false-0-FAIL-True-True]" time="0.001"><skipped type="pytest.skip" message="PowerShell runtime is unavailable on this host">/Users/kahlilhazel/Documents/700-AI-Workspace/20-Projects/StockWatcher/tests/test_windows_package.py:29: PowerShell runtime is unavailable on this host</skipped></testcase><testcase classname="tests.test_windows_package" name="test_powershell_preflight_executes_fail_closed_behavior_matrix[fail_live_true-2-FAIL-True-True]" time="0.001"><skipped type="pytest.skip" message="PowerShell runtime is unavailable on this host">/Users/kahlilhazel/Documents/700-AI-Workspace/20-Projects/StockWatcher/tests/test_windows_package.py:29: PowerShell runtime is unavailable on this host</skipped></testcase><testcase classname="tests.test_windows_package" name="test_powershell_preflight_executes_fail_closed_behavior_matrix[schema_error-0-FAIL-True-True]" time="0.002"><skipped type="pytest.skip" message="PowerShell runtime is unavailable on this host">/Users/kahlilhazel/Documents/700-AI-Workspace/20-Projects/StockWatcher/tests/test_windows_package.py:29: PowerShell runtime is unavailable on this host</skipped></testcase><testcase classname="tests.test_windows_package" name="test_powershell_preflight_executes_fail_closed_behavior_matrix[invalid_json-0-FAIL-True-True]" time="0.001"><skipped type="pytest.skip" message="PowerShell runtime is unavailable on this host">/Users/kahlilhazel/Documents/700-AI-Workspace/20-Projects/StockWatcher/tests/test_windows_package.py:29: PowerShell runtime is unavailable on this host</skipped></testcase><testcase classname="tests.test_windows_package" name="test_powershell_preflight_executes_fail_closed_behavior_matrix[invalid_utf8-0-FAIL-True-True]" time="0.001"><skipped type="pytest.skip" message="PowerShell runtime is unavailable on this host">/Users/kahlilhazel/Documents/700-AI-Workspace/20-Projects/StockWatcher/tests/test_windows_package.py:29: PowerShell runtime is unavailable on this host</skipped></testcase><testcase classname="tests.test_windows_package" name="test_powershell_preflight_executes_fail_closed_behavior_matrix[missing-0-FAIL-True-True]" time="0.001"><skipped type="pytest.skip" message="PowerShell runtime is unavailable on this host">/Users/kahlilhazel/Documents/700-AI-Workspace/20-Projects/StockWatcher/tests/test_windows_package.py:29: PowerShell runtime is unavailable on this host</skipped></testcase><testcase classname="tests.test_windows_package" name="test_powershell_preflight_executes_fail_closed_behavior_matrix[start_failure-0-FAIL-True-True]" time="0.001"><skipped type="pytest.skip" message="PowerShell runtime is unavailable on this host">/Users/kahlilhazel/Documents/700-AI-Workspace/20-Projects/StockWatcher/tests/test_windows_package.py:29: PowerShell runtime is unavailable on this host</skipped></testcase><testcase classname="tests.test_windows_package" name="test_powershell_build_publish_transaction_executes_on_deep_unicode_tree[PublishSuccess-new-installer-new-portable-False]" time="0.002"><skipped type="pytest.skip" message="PowerShell runtime is unavailable on this host">/Users/kahlilhazel/Documents/700-AI-Workspace/20-Projects/StockWatcher/tests/test_windows_package.py:29: PowerShell runtime is unavailable on this host</skipped></testcase><testcase classname="tests.test_windows_package" name="test_powershell_build_publish_transaction_executes_on_deep_unicode_tree[PublishFailure-old-installer-old-portable-True]" time="0.002"><skipped type="pytest.skip" message="PowerShell runtime is unavailable on this host">/Users/kahlilhazel/Documents/700-AI-Workspace/20-Projects/StockWatcher/tests/test_windows_package.py:29: PowerShell runtime is unavailable on this host</skipped></testcase><testcase classname="tests.test_windows_package" name="test_windows_matrix_requires_parseable_report_after_preflight_failure" time="0.001" /></testsuite></testsuites>